[2026-02-05T16:06:52.572+0000] {taskinstance.py:1956} INFO - Dependencies all met for dep_context=non-requeueable deps ti=<TaskInstance: ecommerce_etl.extract manual__2026-02-05T15:55:35.853740+00:00 [queued]>
[2026-02-05T16:06:52.576+0000] {taskinstance.py:1956} INFO - Dependencies all met for dep_context=requeueable deps ti=<TaskInstance: ecommerce_etl.extract manual__2026-02-05T15:55:35.853740+00:00 [queued]>
[2026-02-05T16:06:52.576+0000] {taskinstance.py:2170} INFO - Starting attempt 4 of 4
[2026-02-05T16:06:52.584+0000] {taskinstance.py:2191} INFO - Executing <Task(PythonOperator): extract> on 2026-02-05 15:55:35.853740+00:00
[2026-02-05T16:06:52.586+0000] {standard_task_runner.py:60} INFO - Started process 245 to run task
[2026-02-05T16:06:52.588+0000] {standard_task_runner.py:87} INFO - Running: ['***', 'tasks', 'run', 'ecommerce_etl', 'extract', 'manual__2026-02-05T15:55:35.853740+00:00', '--job-id', '16', '--raw', '--subdir', 'DAGS_FOLDER/etl_dag.py', '--cfg-path', '/tmp/tmpja3a8rd8']
[2026-02-05T16:06:52.589+0000] {standard_task_runner.py:88} INFO - Job 16: Subtask extract
[2026-02-05T16:06:52.610+0000] {task_command.py:423} INFO - Running <TaskInstance: ecommerce_etl.extract manual__2026-02-05T15:55:35.853740+00:00 [running]> on host 386c88146427
[2026-02-05T16:06:52.642+0000] {taskinstance.py:2480} INFO - Exporting env vars: AIRFLOW_CTX_DAG_OWNER='***' AIRFLOW_CTX_DAG_ID='ecommerce_etl' AIRFLOW_CTX_TASK_ID='extract' AIRFLOW_CTX_EXECUTION_DATE='2026-02-05T15:55:35.853740+00:00' AIRFLOW_CTX_TRY_NUMBER='4' AIRFLOW_CTX_DAG_RUN_ID='manual__2026-02-05T15:55:35.853740+00:00'
[2026-02-05T16:06:52.705+0000] {taskinstance.py:2698} ERROR - Task failed with exception
Traceback (most recent call last):
  File "/home/airflow/.local/lib/python3.8/site-packages/airflow/models/taskinstance.py", line 433, in _execute_task
    result = execute_callable(context=context, **execute_callable_kwargs)
  File "/home/airflow/.local/lib/python3.8/site-packages/airflow/operators/python.py", line 199, in execute
    return_value = self.execute_callable()
  File "/home/airflow/.local/lib/python3.8/site-packages/airflow/operators/python.py", line 216, in execute_callable
    return self.python_callable(*self.op_args, **self.op_kwargs)
  File "/opt/airflow/src/extract.py", line 15, in extract_data
    import kaggle
  File "/home/airflow/.local/lib/python3.8/site-packages/kaggle/__init__.py", line 7, in <module>
    api.authenticate()
  File "/home/airflow/.local/lib/python3.8/site-packages/kaggle/api/kaggle_api_extended.py", line 398, in authenticate
    raise IOError('Could not find {}. Make sure it\'s located in'
OSError: Could not find kaggle.json. Make sure it's located in /home/***/.kaggle. Or use the environment method.
[2026-02-05T16:06:52.710+0000] {taskinstance.py:1138} INFO - Marking task as FAILED. dag_id=ecommerce_etl, task_id=extract, execution_date=20260205T155535, start_date=20260205T160652, end_date=20260205T160652
[2026-02-05T16:06:52.715+0000] {standard_task_runner.py:107} ERROR - Failed to execute job 16 for task extract (Could not find kaggle.json. Make sure it's located in /home/***/.kaggle. Or use the environment method.; 245)
[2026-02-05T16:06:52.732+0000] {local_task_job_runner.py:234} INFO - Task exited with return code 1
[2026-02-05T16:06:52.740+0000] {taskinstance.py:3280} INFO - 0 downstream tasks scheduled from follow-on schedule check
