[2026-02-07T00:22:05.206+0000] {taskinstance.py:1956} INFO - Dependencies all met for dep_context=non-requeueable deps ti=<TaskInstance: ecommerce_etl_full.extract scheduled__2026-02-06T00:00:00+00:00 [queued]>
[2026-02-07T00:22:05.209+0000] {taskinstance.py:1956} INFO - Dependencies all met for dep_context=requeueable deps ti=<TaskInstance: ecommerce_etl_full.extract scheduled__2026-02-06T00:00:00+00:00 [queued]>
[2026-02-07T00:22:05.210+0000] {taskinstance.py:2170} INFO - Starting attempt 1 of 2
[2026-02-07T00:22:05.215+0000] {taskinstance.py:2191} INFO - Executing <Task(PythonOperator): extract> on 2026-02-06 00:00:00+00:00
[2026-02-07T00:22:05.218+0000] {standard_task_runner.py:60} INFO - Started process 39836 to run task
[2026-02-07T00:22:05.220+0000] {standard_task_runner.py:87} INFO - Running: ['***', 'tasks', 'run', 'ecommerce_etl_full', 'extract', 'scheduled__2026-02-06T00:00:00+00:00', '--job-id', '45', '--raw', '--subdir', 'DAGS_FOLDER/etl_dag.py', '--cfg-path', '/tmp/tmpytt9tq6_']
[2026-02-07T00:22:05.222+0000] {standard_task_runner.py:88} INFO - Job 45: Subtask extract
[2026-02-07T00:22:05.244+0000] {task_command.py:423} INFO - Running <TaskInstance: ecommerce_etl_full.extract scheduled__2026-02-06T00:00:00+00:00 [running]> on host 12c5c10e9611
[2026-02-07T00:22:05.281+0000] {taskinstance.py:2480} INFO - Exporting env vars: AIRFLOW_CTX_DAG_OWNER='***' AIRFLOW_CTX_DAG_ID='ecommerce_etl_full' AIRFLOW_CTX_TASK_ID='extract' AIRFLOW_CTX_EXECUTION_DATE='2026-02-06T00:00:00+00:00' AIRFLOW_CTX_TRY_NUMBER='1' AIRFLOW_CTX_DAG_RUN_ID='scheduled__2026-02-06T00:00:00+00:00'
[2026-02-07T00:22:05.287+0000] {logging_mixin.py:188} INFO - Starting Kaggle dataset download...
[2026-02-07T00:22:05.290+0000] {logging_mixin.py:188} INFO - Warning: Your Kaggle API key is readable by other users on this system! To fix this, you can run 'chmod 600 /home/***/.kaggle/kaggle.json'
[2026-02-07T00:22:05.350+0000] {logging_mixin.py:188} INFO - Dataset URL: https://www.kaggle.com/datasets/mustafakeser4/looker-ecommerce-bigquery-dataset
[2026-02-07T00:22:06.156+0000] {logging_mixin.py:188} INFO - Downloading looker-ecommerce-bigquery-dataset.zip to /tmp/bronze_temp
[2026-02-07T00:22:06.159+0000] {logging_mixin.py:188} WARNING -   0%|          | 0.00/162M [00:00<?, ?B/s]
[2026-02-07T00:22:06.791+0000] {logging_mixin.py:188} WARNING -   1%|          | 1.00M/162M [00:00<01:41, 1.66MB/s]
[2026-02-07T00:22:06.945+0000] {logging_mixin.py:188} WARNING -   2%|1         | 3.00M/162M [00:00<00:35, 4.75MB/s]
[2026-02-07T00:22:07.114+0000] {logging_mixin.py:188} WARNING -   3%|3         | 5.00M/162M [00:00<00:23, 6.96MB/s]
[2026-02-07T00:22:07.279+0000] {logging_mixin.py:188} WARNING -   4%|4         | 7.00M/162M [00:01<00:18, 8.62MB/s]
[2026-02-07T00:22:07.962+0000] {logging_mixin.py:188} WARNING -   5%|4         | 7.97M/162M [00:01<00:34, 4.64MB/s]
[2026-02-07T00:22:07.963+0000] {taskinstance.py:2698} ERROR - Task failed with exception
Traceback (most recent call last):
  File "/home/airflow/.local/lib/python3.8/site-packages/kaggle/api/kaggle_api_extended.py", line 1508, in dataset_download_files
    with zipfile.ZipFile(outfile) as z:
  File "/usr/local/lib/python3.8/zipfile.py", line 1269, in __init__
    self._RealGetContents()
  File "/usr/local/lib/python3.8/zipfile.py", line 1336, in _RealGetContents
    raise BadZipFile("File is not a zip file")
zipfile.BadZipFile: File is not a zip file

During handling of the above exception, another exception occurred:

Traceback (most recent call last):
  File "/home/airflow/.local/lib/python3.8/site-packages/airflow/models/taskinstance.py", line 433, in _execute_task
    result = execute_callable(context=context, **execute_callable_kwargs)
  File "/home/airflow/.local/lib/python3.8/site-packages/airflow/operators/python.py", line 199, in execute
    return_value = self.execute_callable()
  File "/home/airflow/.local/lib/python3.8/site-packages/airflow/operators/python.py", line 216, in execute_callable
    return self.python_callable(*self.op_args, **self.op_kwargs)
  File "/opt/airflow/src/extract.py", line 37, in extract_data
    api.dataset_download_files(
  File "/home/airflow/.local/lib/python3.8/site-packages/kaggle/api/kaggle_api_extended.py", line 1511, in dataset_download_files
    raise ValueError(
ValueError: ('Bad zip file, please report on www.github.com/kaggle/kaggle-api', BadZipFile('File is not a zip file'))
[2026-02-07T00:22:07.972+0000] {taskinstance.py:1138} INFO - Marking task as UP_FOR_RETRY. dag_id=ecommerce_etl_full, task_id=extract, execution_date=20260206T000000, start_date=20260207T002205, end_date=20260207T002207
[2026-02-07T00:22:07.979+0000] {standard_task_runner.py:107} ERROR - Failed to execute job 45 for task extract (('Bad zip file, please report on www.github.com/kaggle/kaggle-api', BadZipFile('File is not a zip file')); 39836)
[2026-02-07T00:22:07.997+0000] {local_task_job_runner.py:234} INFO - Task exited with return code 1
[2026-02-07T00:22:08.012+0000] {taskinstance.py:3280} INFO - 0 downstream tasks scheduled from follow-on schedule check
