[2026-02-07T01:23:32.807+0000] {taskinstance.py:1956} INFO - Dependencies all met for dep_context=non-requeueable deps ti=<TaskInstance: ecommerce_etl_full.extract scheduled__2026-02-06T00:00:00+00:00 [queued]>
[2026-02-07T01:23:32.814+0000] {taskinstance.py:1956} INFO - Dependencies all met for dep_context=requeueable deps ti=<TaskInstance: ecommerce_etl_full.extract scheduled__2026-02-06T00:00:00+00:00 [queued]>
[2026-02-07T01:23:32.814+0000] {taskinstance.py:2170} INFO - Starting attempt 2 of 2
[2026-02-07T01:23:32.822+0000] {taskinstance.py:2191} INFO - Executing <Task(PythonOperator): extract> on 2026-02-06 00:00:00+00:00
[2026-02-07T01:23:32.825+0000] {standard_task_runner.py:60} INFO - Started process 39923 to run task
[2026-02-07T01:23:32.828+0000] {standard_task_runner.py:87} INFO - Running: ['***', 'tasks', 'run', 'ecommerce_etl_full', 'extract', 'scheduled__2026-02-06T00:00:00+00:00', '--job-id', '46', '--raw', '--subdir', 'DAGS_FOLDER/etl_dag.py', '--cfg-path', '/tmp/tmp6shaqeji']
[2026-02-07T01:23:32.830+0000] {standard_task_runner.py:88} INFO - Job 46: Subtask extract
[2026-02-07T01:23:32.853+0000] {task_command.py:423} INFO - Running <TaskInstance: ecommerce_etl_full.extract scheduled__2026-02-06T00:00:00+00:00 [running]> on host 12c5c10e9611
[2026-02-07T01:23:32.888+0000] {taskinstance.py:2480} INFO - Exporting env vars: AIRFLOW_CTX_DAG_OWNER='***' AIRFLOW_CTX_DAG_ID='ecommerce_etl_full' AIRFLOW_CTX_TASK_ID='extract' AIRFLOW_CTX_EXECUTION_DATE='2026-02-06T00:00:00+00:00' AIRFLOW_CTX_TRY_NUMBER='2' AIRFLOW_CTX_DAG_RUN_ID='scheduled__2026-02-06T00:00:00+00:00'
[2026-02-07T01:23:32.894+0000] {logging_mixin.py:188} INFO - Starting Kaggle dataset download...
[2026-02-07T01:23:32.896+0000] {logging_mixin.py:188} INFO - Warning: Your Kaggle API key is readable by other users on this system! To fix this, you can run 'chmod 600 /home/***/.kaggle/kaggle.json'
[2026-02-07T01:23:32.899+0000] {logging_mixin.py:188} INFO - Dataset URL: https://www.kaggle.com/datasets/mustafakeser4/looker-ecommerce-bigquery-dataset
[2026-02-07T01:23:33.579+0000] {logging_mixin.py:188} INFO - Downloading looker-ecommerce-bigquery-dataset.zip to /tmp/bronze_temp
[2026-02-07T01:23:33.581+0000] {logging_mixin.py:188} WARNING -   0%|          | 0.00/162M [00:00<?, ?B/s]
[2026-02-07T01:23:34.182+0000] {logging_mixin.py:188} WARNING -   1%|          | 1.00M/162M [00:00<01:36, 1.76MB/s]
[2026-02-07T01:23:34.352+0000] {logging_mixin.py:188} WARNING -   2%|1         | 3.00M/162M [00:00<00:34, 4.79MB/s]
[2026-02-07T01:23:34.525+0000] {logging_mixin.py:188} WARNING -   3%|3         | 5.00M/162M [00:00<00:23, 6.96MB/s]
[2026-02-07T01:23:34.692+0000] {logging_mixin.py:188} WARNING -   4%|4         | 7.00M/162M [00:01<00:18, 8.58MB/s]
[2026-02-07T01:23:34.852+0000] {logging_mixin.py:188} WARNING -   6%|5         | 9.00M/162M [00:01<00:16, 9.84MB/s]
[2026-02-07T01:23:35.027+0000] {logging_mixin.py:188} WARNING -   7%|6         | 11.0M/162M [00:01<00:15, 10.5MB/s]
[2026-02-07T01:23:35.196+0000] {logging_mixin.py:188} WARNING -   8%|8         | 13.0M/162M [00:01<00:14, 11.1MB/s]
[2026-02-07T01:23:35.371+0000] {logging_mixin.py:188} WARNING -   9%|9         | 15.0M/162M [00:01<00:13, 11.4MB/s]
[2026-02-07T01:23:35.549+0000] {logging_mixin.py:188} WARNING -  10%|#         | 17.0M/162M [00:01<00:13, 11.5MB/s]
[2026-02-07T01:23:35.716+0000] {logging_mixin.py:188} WARNING -  12%|#1        | 19.0M/162M [00:02<00:12, 11.8MB/s]
[2026-02-07T01:23:35.889+0000] {logging_mixin.py:188} WARNING -  13%|#2        | 21.0M/162M [00:02<00:12, 11.9MB/s]
[2026-02-07T01:23:36.064+0000] {logging_mixin.py:188} WARNING -  14%|#4        | 23.0M/162M [00:02<00:12, 11.9MB/s]
[2026-02-07T01:23:36.246+0000] {logging_mixin.py:188} WARNING -  15%|#5        | 25.0M/162M [00:02<00:12, 11.8MB/s]
[2026-02-07T01:23:36.407+0000] {logging_mixin.py:188} WARNING -  17%|#6        | 27.0M/162M [00:02<00:11, 12.1MB/s]
[2026-02-07T01:23:36.573+0000] {logging_mixin.py:188} WARNING -  18%|#7        | 29.0M/162M [00:02<00:11, 12.3MB/s]
[2026-02-07T01:23:37.275+0000] {logging_mixin.py:188} WARNING -  18%|#8        | 29.9M/162M [00:03<00:16, 8.49MB/s]
[2026-02-07T01:23:37.276+0000] {taskinstance.py:2698} ERROR - Task failed with exception
Traceback (most recent call last):
  File "/home/airflow/.local/lib/python3.8/site-packages/kaggle/api/kaggle_api_extended.py", line 1508, in dataset_download_files
    with zipfile.ZipFile(outfile) as z:
  File "/usr/local/lib/python3.8/zipfile.py", line 1269, in __init__
    self._RealGetContents()
  File "/usr/local/lib/python3.8/zipfile.py", line 1336, in _RealGetContents
    raise BadZipFile("File is not a zip file")
zipfile.BadZipFile: File is not a zip file

During handling of the above exception, another exception occurred:

Traceback (most recent call last):
  File "/home/airflow/.local/lib/python3.8/site-packages/airflow/models/taskinstance.py", line 433, in _execute_task
    result = execute_callable(context=context, **execute_callable_kwargs)
  File "/home/airflow/.local/lib/python3.8/site-packages/airflow/operators/python.py", line 199, in execute
    return_value = self.execute_callable()
  File "/home/airflow/.local/lib/python3.8/site-packages/airflow/operators/python.py", line 216, in execute_callable
    return self.python_callable(*self.op_args, **self.op_kwargs)
  File "/opt/airflow/src/extract.py", line 37, in extract_data
    api.dataset_download_files(
  File "/home/airflow/.local/lib/python3.8/site-packages/kaggle/api/kaggle_api_extended.py", line 1511, in dataset_download_files
    raise ValueError(
ValueError: ('Bad zip file, please report on www.github.com/kaggle/kaggle-api', BadZipFile('File is not a zip file'))
[2026-02-07T01:23:37.283+0000] {taskinstance.py:1138} INFO - Marking task as FAILED. dag_id=ecommerce_etl_full, task_id=extract, execution_date=20260206T000000, start_date=20260207T012332, end_date=20260207T012337
[2026-02-07T01:23:37.290+0000] {standard_task_runner.py:107} ERROR - Failed to execute job 46 for task extract (('Bad zip file, please report on www.github.com/kaggle/kaggle-api', BadZipFile('File is not a zip file')); 39923)
[2026-02-07T01:23:37.329+0000] {local_task_job_runner.py:234} INFO - Task exited with return code 1
[2026-02-07T01:23:37.343+0000] {taskinstance.py:3280} INFO - 0 downstream tasks scheduled from follow-on schedule check
