[2026-02-05T21:28:55.830+0000] {taskinstance.py:1956} INFO - Dependencies all met for dep_context=non-requeueable deps ti=<TaskInstance: ecommerce_etl.extract manual__2026-02-05T21:28:54.460174+00:00 [queued]>
[2026-02-05T21:28:55.834+0000] {taskinstance.py:1956} INFO - Dependencies all met for dep_context=requeueable deps ti=<TaskInstance: ecommerce_etl.extract manual__2026-02-05T21:28:54.460174+00:00 [queued]>
[2026-02-05T21:28:55.834+0000] {taskinstance.py:2170} INFO - Starting attempt 1 of 2
[2026-02-05T21:28:55.841+0000] {taskinstance.py:2191} INFO - Executing <Task(PythonOperator): extract> on 2026-02-05 21:28:54.460174+00:00
[2026-02-05T21:28:55.843+0000] {standard_task_runner.py:60} INFO - Started process 227 to run task
[2026-02-05T21:28:55.845+0000] {standard_task_runner.py:87} INFO - Running: ['***', 'tasks', 'run', 'ecommerce_etl', 'extract', 'manual__2026-02-05T21:28:54.460174+00:00', '--job-id', '13', '--raw', '--subdir', 'DAGS_FOLDER/etl_dag.py', '--cfg-path', '/tmp/tmpt18ad48v']
[2026-02-05T21:28:55.847+0000] {standard_task_runner.py:88} INFO - Job 13: Subtask extract
[2026-02-05T21:28:55.869+0000] {task_command.py:423} INFO - Running <TaskInstance: ecommerce_etl.extract manual__2026-02-05T21:28:54.460174+00:00 [running]> on host 7576e06d9bef
[2026-02-05T21:28:55.913+0000] {taskinstance.py:2480} INFO - Exporting env vars: AIRFLOW_CTX_DAG_OWNER='***' AIRFLOW_CTX_DAG_ID='ecommerce_etl' AIRFLOW_CTX_TASK_ID='extract' AIRFLOW_CTX_EXECUTION_DATE='2026-02-05T21:28:54.460174+00:00' AIRFLOW_CTX_TRY_NUMBER='1' AIRFLOW_CTX_DAG_RUN_ID='manual__2026-02-05T21:28:54.460174+00:00'
[2026-02-05T21:28:55.920+0000] {logging_mixin.py:188} INFO - Starting Kaggle dataset download...
[2026-02-05T21:28:55.922+0000] {logging_mixin.py:188} INFO - Warning: Your Kaggle API key is readable by other users on this system! To fix this, you can run 'chmod 600 /home/***/.kaggle/kaggle.json'
[2026-02-05T21:28:55.925+0000] {logging_mixin.py:188} INFO - Dataset URL: https://www.kaggle.com/datasets/mustafakeser4/looker-ecommerce-bigquery-dataset
[2026-02-05T21:28:56.696+0000] {logging_mixin.py:188} INFO - Downloading looker-ecommerce-bigquery-dataset.zip to /tmp/bronze_temp
[2026-02-05T21:28:56.697+0000] {logging_mixin.py:188} WARNING -   0%|          | 0.00/162M [00:00<?, ?B/s]
[2026-02-05T21:28:57.228+0000] {logging_mixin.py:188} WARNING -   1%|          | 1.00M/162M [00:00<01:25, 1.98MB/s]
[2026-02-05T21:28:57.403+0000] {logging_mixin.py:188} WARNING -   2%|1         | 3.00M/162M [00:00<00:32, 5.18MB/s]
[2026-02-05T21:28:57.569+0000] {logging_mixin.py:188} WARNING -   3%|3         | 5.00M/162M [00:00<00:22, 7.45MB/s]
[2026-02-05T21:28:57.743+0000] {logging_mixin.py:188} WARNING -   4%|4         | 7.00M/162M [00:01<00:18, 8.88MB/s]
[2026-02-05T21:28:57.903+0000] {logging_mixin.py:188} WARNING -   6%|5         | 9.00M/162M [00:01<00:15, 10.1MB/s]
[2026-02-05T21:28:58.069+0000] {logging_mixin.py:188} WARNING -   7%|6         | 11.0M/162M [00:01<00:14, 10.9MB/s]
[2026-02-05T21:28:58.240+0000] {logging_mixin.py:188} WARNING -   8%|8         | 13.0M/162M [00:01<00:13, 11.3MB/s]
[2026-02-05T21:28:58.404+0000] {logging_mixin.py:188} WARNING -   9%|9         | 15.0M/162M [00:01<00:13, 11.7MB/s]
[2026-02-05T21:28:58.568+0000] {logging_mixin.py:188} WARNING -  10%|#         | 17.0M/162M [00:01<00:12, 12.0MB/s]
[2026-02-05T21:28:58.735+0000] {logging_mixin.py:188} WARNING -  12%|#1        | 19.0M/162M [00:02<00:12, 12.2MB/s]
[2026-02-05T21:28:58.894+0000] {logging_mixin.py:188} WARNING -  13%|#2        | 21.0M/162M [00:02<00:11, 12.5MB/s]
[2026-02-05T21:28:59.063+0000] {logging_mixin.py:188} WARNING -  14%|#4        | 23.0M/162M [00:02<00:11, 12.5MB/s]
[2026-02-05T21:28:59.226+0000] {logging_mixin.py:188} WARNING -  15%|#5        | 25.0M/162M [00:02<00:11, 12.6MB/s]
[2026-02-05T21:28:59.391+0000] {logging_mixin.py:188} WARNING -  17%|#6        | 27.0M/162M [00:02<00:11, 12.6MB/s]
[2026-02-05T21:28:59.558+0000] {logging_mixin.py:188} WARNING -  18%|#7        | 29.0M/162M [00:02<00:11, 12.6MB/s]
[2026-02-05T21:28:59.719+0000] {logging_mixin.py:188} WARNING -  19%|#9        | 31.0M/162M [00:03<00:10, 12.7MB/s]
[2026-02-05T21:28:59.887+0000] {logging_mixin.py:188} WARNING -  20%|##        | 33.0M/162M [00:03<00:10, 12.7MB/s]
[2026-02-05T21:29:00.128+0000] {logging_mixin.py:188} WARNING -  22%|##1       | 35.0M/162M [00:03<00:11, 11.1MB/s]
[2026-02-05T21:29:00.296+0000] {logging_mixin.py:188} WARNING -  23%|##2       | 37.0M/162M [00:03<00:11, 11.5MB/s]
[2026-02-05T21:29:00.466+0000] {logging_mixin.py:188} WARNING -  24%|##4       | 39.0M/162M [00:03<00:11, 11.7MB/s]
[2026-02-05T21:29:00.623+0000] {logging_mixin.py:188} WARNING -  25%|##5       | 41.0M/162M [00:03<00:10, 12.2MB/s]
[2026-02-05T21:29:00.793+0000] {logging_mixin.py:188} WARNING -  26%|##6       | 43.0M/162M [00:04<00:10, 12.2MB/s]
[2026-02-05T21:29:00.982+0000] {logging_mixin.py:188} WARNING -  28%|##7       | 45.0M/162M [00:04<00:10, 11.9MB/s]
[2026-02-05T21:29:01.144+0000] {logging_mixin.py:188} WARNING -  29%|##8       | 47.0M/162M [00:04<00:09, 12.2MB/s]
[2026-02-05T21:29:01.310+0000] {logging_mixin.py:188} WARNING -  30%|###       | 49.0M/162M [00:04<00:09, 12.3MB/s]
[2026-02-05T21:29:01.480+0000] {logging_mixin.py:188} WARNING -  31%|###1      | 51.0M/162M [00:04<00:09, 12.3MB/s]
[2026-02-05T21:29:01.641+0000] {logging_mixin.py:188} WARNING -  33%|###2      | 53.0M/162M [00:04<00:09, 12.5MB/s]
[2026-02-05T21:29:01.804+0000] {logging_mixin.py:188} WARNING -  34%|###3      | 55.0M/162M [00:05<00:08, 12.6MB/s]
[2026-02-05T21:29:01.970+0000] {logging_mixin.py:188} WARNING -  35%|###5      | 57.0M/162M [00:05<00:08, 12.6MB/s]
[2026-02-05T21:29:02.140+0000] {logging_mixin.py:188} WARNING -  36%|###6      | 59.0M/162M [00:05<00:08, 12.5MB/s]
[2026-02-05T21:29:02.307+0000] {logging_mixin.py:188} WARNING -  38%|###7      | 61.0M/162M [00:05<00:08, 12.6MB/s]
[2026-02-05T21:29:02.471+0000] {logging_mixin.py:188} WARNING -  39%|###8      | 63.0M/162M [00:05<00:08, 12.6MB/s]
[2026-02-05T21:29:02.635+0000] {logging_mixin.py:188} WARNING -  40%|####      | 65.0M/162M [00:05<00:08, 12.7MB/s]
[2026-02-05T21:29:02.806+0000] {logging_mixin.py:188} WARNING -  41%|####1     | 67.0M/162M [00:06<00:07, 12.6MB/s]
[2026-02-05T21:29:02.975+0000] {logging_mixin.py:188} WARNING -  42%|####2     | 69.0M/162M [00:06<00:07, 12.5MB/s]
[2026-02-05T21:29:03.138+0000] {logging_mixin.py:188} WARNING -  44%|####3     | 71.0M/162M [00:06<00:07, 12.6MB/s]
[2026-02-05T21:29:03.304+0000] {logging_mixin.py:188} WARNING -  45%|####4     | 73.0M/162M [00:06<00:07, 12.6MB/s]
[2026-02-05T21:29:03.465+0000] {logging_mixin.py:188} WARNING -  46%|####6     | 75.0M/162M [00:06<00:07, 12.7MB/s]
[2026-02-05T21:29:03.629+0000] {logging_mixin.py:188} WARNING -  47%|####7     | 77.0M/162M [00:06<00:07, 12.8MB/s]
[2026-02-05T21:29:03.794+0000] {logging_mixin.py:188} WARNING -  49%|####8     | 79.0M/162M [00:07<00:06, 12.7MB/s]
[2026-02-05T21:29:03.977+0000] {logging_mixin.py:188} WARNING -  50%|####9     | 81.0M/162M [00:07<00:06, 12.3MB/s]
[2026-02-05T21:29:04.133+0000] {logging_mixin.py:188} WARNING -  51%|#####1    | 83.0M/162M [00:07<00:06, 12.6MB/s]
[2026-02-05T21:29:04.311+0000] {logging_mixin.py:188} WARNING -  52%|#####2    | 85.0M/162M [00:07<00:06, 12.4MB/s]
[2026-02-05T21:29:04.471+0000] {logging_mixin.py:188} WARNING -  54%|#####3    | 87.0M/162M [00:07<00:06, 12.6MB/s]
[2026-02-05T21:29:04.636+0000] {logging_mixin.py:188} WARNING -  55%|#####4    | 89.0M/162M [00:07<00:06, 12.6MB/s]
[2026-02-05T21:29:04.809+0000] {logging_mixin.py:188} WARNING -  56%|#####6    | 91.0M/162M [00:08<00:06, 12.5MB/s]
[2026-02-05T21:29:04.972+0000] {logging_mixin.py:188} WARNING -  57%|#####7    | 93.0M/162M [00:08<00:05, 12.6MB/s]
[2026-02-05T21:29:05.137+0000] {logging_mixin.py:188} WARNING -  59%|#####8    | 95.0M/162M [00:08<00:05, 12.6MB/s]
[2026-02-05T21:29:05.302+0000] {logging_mixin.py:188} WARNING -  60%|#####9    | 97.0M/162M [00:08<00:05, 12.6MB/s]
[2026-02-05T21:29:05.465+0000] {logging_mixin.py:188} WARNING -  61%|######    | 99.0M/162M [00:08<00:05, 12.7MB/s]
[2026-02-05T21:29:05.633+0000] {logging_mixin.py:188} WARNING -  62%|######2   | 101M/162M [00:08<00:05, 12.7MB/s] 
[2026-02-05T21:29:05.797+0000] {logging_mixin.py:188} WARNING -  63%|######3   | 103M/162M [00:09<00:04, 12.7MB/s]
[2026-02-05T21:29:05.962+0000] {logging_mixin.py:188} WARNING -  65%|######4   | 105M/162M [00:09<00:04, 12.7MB/s]
[2026-02-05T21:29:06.128+0000] {logging_mixin.py:188} WARNING -  66%|######5   | 107M/162M [00:09<00:04, 12.7MB/s]
[2026-02-05T21:29:06.293+0000] {logging_mixin.py:188} WARNING -  67%|######7   | 109M/162M [00:09<00:04, 12.7MB/s]
[2026-02-05T21:29:06.458+0000] {logging_mixin.py:188} WARNING -  68%|######8   | 111M/162M [00:09<00:04, 12.7MB/s]
[2026-02-05T21:29:06.624+0000] {logging_mixin.py:188} WARNING -  70%|######9   | 113M/162M [00:09<00:04, 12.7MB/s]
[2026-02-05T21:29:06.789+0000] {logging_mixin.py:188} WARNING -  71%|#######   | 115M/162M [00:10<00:03, 12.7MB/s]
[2026-02-05T21:29:06.951+0000] {logging_mixin.py:188} WARNING -  72%|#######2  | 117M/162M [00:10<00:03, 12.8MB/s]
[2026-02-05T21:29:07.129+0000] {logging_mixin.py:188} WARNING -  73%|#######3  | 119M/162M [00:10<00:03, 12.5MB/s]
[2026-02-05T21:29:07.301+0000] {logging_mixin.py:188} WARNING -  75%|#######4  | 121M/162M [00:10<00:03, 12.4MB/s]
[2026-02-05T21:29:07.466+0000] {logging_mixin.py:188} WARNING -  76%|#######5  | 123M/162M [00:10<00:03, 12.5MB/s]
[2026-02-05T21:29:07.627+0000] {logging_mixin.py:188} WARNING -  77%|#######6  | 125M/162M [00:10<00:03, 12.6MB/s]
[2026-02-05T21:29:07.790+0000] {logging_mixin.py:188} WARNING -  78%|#######8  | 127M/162M [00:11<00:02, 12.7MB/s]
[2026-02-05T21:29:08.028+0000] {logging_mixin.py:188} WARNING -  79%|#######9  | 129M/162M [00:11<00:03, 11.2MB/s]
[2026-02-05T21:29:08.245+0000] {logging_mixin.py:188} WARNING -  81%|########  | 131M/162M [00:11<00:03, 10.7MB/s]
[2026-02-05T21:29:08.604+0000] {logging_mixin.py:188} WARNING -  82%|########1 | 133M/162M [00:11<00:03, 8.56MB/s]
[2026-02-05T21:29:08.747+0000] {logging_mixin.py:188} WARNING -  83%|########2 | 134M/162M [00:12<00:03, 8.32MB/s]
[2026-02-05T21:29:08.887+0000] {logging_mixin.py:188} WARNING -  83%|########3 | 135M/162M [00:12<00:03, 8.14MB/s]
[2026-02-05T21:29:09.048+0000] {logging_mixin.py:188} WARNING -  84%|########4 | 137M/162M [00:12<00:02, 9.44MB/s]
[2026-02-05T21:29:09.214+0000] {logging_mixin.py:188} WARNING -  86%|########5 | 139M/162M [00:12<00:02, 10.3MB/s]
[2026-02-05T21:29:09.376+0000] {logging_mixin.py:188} WARNING -  87%|########6 | 141M/162M [00:12<00:02, 11.1MB/s]
[2026-02-05T21:29:09.540+0000] {logging_mixin.py:188} WARNING -  88%|########8 | 143M/162M [00:12<00:01, 11.6MB/s]
[2026-02-05T21:29:09.703+0000] {logging_mixin.py:188} WARNING -  89%|########9 | 145M/162M [00:13<00:01, 11.9MB/s]
[2026-02-05T21:29:09.891+0000] {logging_mixin.py:188} WARNING -  91%|######### | 147M/162M [00:13<00:01, 11.7MB/s]
[2026-02-05T21:29:10.055+0000] {logging_mixin.py:188} WARNING -  92%|#########1| 149M/162M [00:13<00:01, 12.0MB/s]
[2026-02-05T21:29:10.220+0000] {logging_mixin.py:188} WARNING -  93%|#########3| 151M/162M [00:13<00:00, 12.2MB/s]
[2026-02-05T21:29:10.383+0000] {logging_mixin.py:188} WARNING -  94%|#########4| 153M/162M [00:13<00:00, 12.4MB/s]
[2026-02-05T21:29:10.554+0000] {logging_mixin.py:188} WARNING -  95%|#########5| 155M/162M [00:13<00:00, 12.4MB/s]
[2026-02-05T21:29:10.712+0000] {logging_mixin.py:188} WARNING -  97%|#########6| 157M/162M [00:14<00:00, 12.6MB/s]
[2026-02-05T21:29:10.879+0000] {logging_mixin.py:188} WARNING -  98%|#########7| 159M/162M [00:14<00:00, 12.6MB/s]
[2026-02-05T21:29:11.040+0000] {logging_mixin.py:188} WARNING -  99%|#########9| 161M/162M [00:14<00:00, 12.7MB/s]
[2026-02-05T21:29:11.153+0000] {logging_mixin.py:188} WARNING - 100%|##########| 162M/162M [00:14<00:00, 12.7MB/s]
[2026-02-05T21:29:11.153+0000] {logging_mixin.py:188} WARNING - 100%|##########| 162M/162M [00:14<00:00, 11.8MB/s]
[2026-02-05T21:29:13.079+0000] {connection.py:234} WARNING - Connection schemes (type: google_cloud_platform) shall not contain '_' according to RFC3986.
[2026-02-05T21:29:13.079+0000] {base.py:83} INFO - Using connection ID 'google_cloud_default' for task execution.
[2026-02-05T21:29:13.082+0000] {logging_mixin.py:188} WARNING - /home/***/.local/lib/python3.8/site-packages/***/utils/context.py:315 AirflowContextDeprecationWarning: Accessing 'execution_date' from the template is deprecated and will be removed in a future version. Please use 'data_interval_start' or 'logical_date' instead.
[2026-02-05T21:29:13.082+0000] {logging_mixin.py:188} INFO - Uploading CSVs to GCS under partition: 2026/02/05/
[2026-02-05T21:29:13.082+0000] {credentials_provider.py:353} INFO - Getting connection using `google.auth.default()` since no explicit credentials are provided.
[2026-02-05T21:29:13.690+0000] {gcs.py:510} ERROR - Upload attempt of object: 2026/02/05/orders.csv from 2026/02/05/orders.csv has failed. Attempt: 1, max 1.
[2026-02-05T21:29:13.691+0000] {logging_mixin.py:188} INFO - Failed to upload orders.csv: 403 POST https://storage.googleapis.com/upload/storage/v1/b/bronze-data-ecom/o?uploadType=resumable: {
  "error": {
    "code": 403,
    "message": "***-gcs@prism-486509.iam.gserviceaccount.com does not have storage.objects.create access to the Google Cloud Storage object. Permission 'storage.objects.create' denied on resource (or it may not exist).",
    "errors": [
      {
        "message": "***-gcs@prism-486509.iam.gserviceaccount.com does not have storage.objects.create access to the Google Cloud Storage object. Permission 'storage.objects.create' denied on resource (or it may not exist).",
        "domain": "global",
        "reason": "forbidden"
      }
    ]
  }
}
: ('Request failed with status code', 403, 'Expected one of', <HTTPStatus.OK: 200>, <HTTPStatus.CREATED: 201>)
[2026-02-05T21:29:13.691+0000] {taskinstance.py:2698} ERROR - Task failed with exception
Traceback (most recent call last):
  File "/home/airflow/.local/lib/python3.8/site-packages/google/cloud/storage/blob.py", line 2607, in _prep_and_do_upload
    created_json = self._do_upload(
  File "/home/airflow/.local/lib/python3.8/site-packages/google/cloud/storage/blob.py", line 2430, in _do_upload
    response = self._do_resumable_upload(
  File "/home/airflow/.local/lib/python3.8/site-packages/google/cloud/storage/blob.py", line 2248, in _do_resumable_upload
    upload, transport = self._initiate_resumable_upload(
  File "/home/airflow/.local/lib/python3.8/site-packages/google/cloud/storage/blob.py", line 2122, in _initiate_resumable_upload
    upload.initiate(
  File "/home/airflow/.local/lib/python3.8/site-packages/google/resumable_media/requests/upload.py", line 420, in initiate
    return _request_helpers.wait_and_retry(
  File "/home/airflow/.local/lib/python3.8/site-packages/google/resumable_media/requests/_request_helpers.py", line 155, in wait_and_retry
    response = func()
  File "/home/airflow/.local/lib/python3.8/site-packages/google/resumable_media/requests/upload.py", line 416, in retriable_request
    self._process_initiate_response(result)
  File "/home/airflow/.local/lib/python3.8/site-packages/google/resumable_media/_upload.py", line 518, in _process_initiate_response
    _helpers.require_status_code(
  File "/home/airflow/.local/lib/python3.8/site-packages/google/resumable_media/_helpers.py", line 108, in require_status_code
    raise common.InvalidResponse(
google.resumable_media.common.InvalidResponse: ('Request failed with status code', 403, 'Expected one of', 200, 201)

During handling of the above exception, another exception occurred:

Traceback (most recent call last):
  File "/home/airflow/.local/lib/python3.8/site-packages/airflow/models/taskinstance.py", line 433, in _execute_task
    result = execute_callable(context=context, **execute_callable_kwargs)
  File "/home/airflow/.local/lib/python3.8/site-packages/airflow/operators/python.py", line 199, in execute
    return_value = self.execute_callable()
  File "/home/airflow/.local/lib/python3.8/site-packages/airflow/operators/python.py", line 216, in execute_callable
    return self.python_callable(*self.op_args, **self.op_kwargs)
  File "/opt/airflow/src/extract.py", line 67, in extract_data
    gcs_hook.upload(
  File "/home/airflow/.local/lib/python3.8/site-packages/airflow/providers/google/cloud/hooks/gcs.py", line 549, in upload
    _call_with_retry(
  File "/home/airflow/.local/lib/python3.8/site-packages/airflow/providers/google/cloud/hooks/gcs.py", line 517, in _call_with_retry
    raise e
  File "/home/airflow/.local/lib/python3.8/site-packages/airflow/providers/google/cloud/hooks/gcs.py", line 507, in _call_with_retry
    f()
  File "/home/airflow/.local/lib/python3.8/site-packages/google/cloud/storage/blob.py", line 2929, in upload_from_filename
    self._handle_filename_and_upload(
  File "/home/airflow/.local/lib/python3.8/site-packages/google/cloud/storage/blob.py", line 2799, in _handle_filename_and_upload
    self._prep_and_do_upload(
  File "/home/airflow/.local/lib/python3.8/site-packages/google/cloud/storage/blob.py", line 2625, in _prep_and_do_upload
    _raise_from_invalid_response(exc)
  File "/home/airflow/.local/lib/python3.8/site-packages/google/cloud/storage/blob.py", line 4791, in _raise_from_invalid_response
    raise exceptions.from_http_status(response.status_code, message, response=response)
google.api_core.exceptions.Forbidden: 403 POST https://storage.googleapis.com/upload/storage/v1/b/bronze-data-ecom/o?uploadType=resumable: {
  "error": {
    "code": 403,
    "message": "airflow-gcs@prism-486509.iam.gserviceaccount.com does not have storage.objects.create access to the Google Cloud Storage object. Permission 'storage.objects.create' denied on resource (or it may not exist).",
    "errors": [
      {
        "message": "airflow-gcs@prism-486509.iam.gserviceaccount.com does not have storage.objects.create access to the Google Cloud Storage object. Permission 'storage.objects.create' denied on resource (or it may not exist).",
        "domain": "global",
        "reason": "forbidden"
      }
    ]
  }
}
: ('Request failed with status code', 403, 'Expected one of', <HTTPStatus.OK: 200>, <HTTPStatus.CREATED: 201>)
[2026-02-05T21:29:13.697+0000] {taskinstance.py:1138} INFO - Marking task as UP_FOR_RETRY. dag_id=ecommerce_etl, task_id=extract, execution_date=20260205T212854, start_date=20260205T212855, end_date=20260205T212913
[2026-02-05T21:29:13.707+0000] {standard_task_runner.py:107} ERROR - Failed to execute job 13 for task extract (403 POST https://storage.googleapis.com/upload/storage/v1/b/bronze-data-ecom/o?uploadType=resumable: {
  "error": {
    "code": 403,
    "message": "airflow-gcs@prism-486509.iam.gserviceaccount.com does not have storage.objects.create access to the Google Cloud Storage object. Permission 'storage.objects.create' denied on resource (or it may not exist).",
    "errors": [
      {
        "message": "airflow-gcs@prism-486509.iam.gserviceaccount.com does not have storage.objects.create access to the Google Cloud Storage object. Permission 'storage.objects.create' denied on resource (or it may not exist).",
        "domain": "global",
        "reason": "forbidden"
      }
    ]
  }
}
: ('Request failed with status code', 403, 'Expected one of', <HTTPStatus.OK: 200>, <HTTPStatus.CREATED: 201>); 227)
[2026-02-05T21:29:13.741+0000] {local_task_job_runner.py:234} INFO - Task exited with return code 1
[2026-02-05T21:29:13.750+0000] {taskinstance.py:3280} INFO - 0 downstream tasks scheduled from follow-on schedule check
