[2026-02-07T12:52:24.356+0000] {taskinstance.py:1956} INFO - Dependencies all met for dep_context=non-requeueable deps ti=<TaskInstance: ecommerce_etl.dynamic_task_creator manual__2026-02-07T12:49:01.289323+00:00 [queued]>
[2026-02-07T12:52:24.360+0000] {taskinstance.py:1956} INFO - Dependencies all met for dep_context=requeueable deps ti=<TaskInstance: ecommerce_etl.dynamic_task_creator manual__2026-02-07T12:49:01.289323+00:00 [queued]>
[2026-02-07T12:52:24.360+0000] {taskinstance.py:2170} INFO - Starting attempt 1 of 2
[2026-02-07T12:52:24.365+0000] {taskinstance.py:2191} INFO - Executing <Task(PythonOperator): dynamic_task_creator> on 2026-02-07 12:49:01.289323+00:00
[2026-02-07T12:52:24.368+0000] {standard_task_runner.py:60} INFO - Started process 955 to run task
[2026-02-07T12:52:24.371+0000] {standard_task_runner.py:87} INFO - Running: ['***', 'tasks', 'run', 'ecommerce_etl', 'dynamic_task_creator', 'manual__2026-02-07T12:49:01.289323+00:00', '--job-id', '82', '--raw', '--subdir', 'DAGS_FOLDER/etl_dag.py', '--cfg-path', '/tmp/tmpadw7rr8e']
[2026-02-07T12:52:24.372+0000] {standard_task_runner.py:88} INFO - Job 82: Subtask dynamic_task_creator
[2026-02-07T12:52:24.395+0000] {task_command.py:423} INFO - Running <TaskInstance: ecommerce_etl.dynamic_task_creator manual__2026-02-07T12:49:01.289323+00:00 [running]> on host 1f74174bf145
[2026-02-07T12:52:24.432+0000] {taskinstance.py:2480} INFO - Exporting env vars: AIRFLOW_CTX_DAG_OWNER='***' AIRFLOW_CTX_DAG_ID='ecommerce_etl' AIRFLOW_CTX_TASK_ID='dynamic_task_creator' AIRFLOW_CTX_EXECUTION_DATE='2026-02-07T12:49:01.289323+00:00' AIRFLOW_CTX_TRY_NUMBER='1' AIRFLOW_CTX_DAG_RUN_ID='manual__2026-02-07T12:49:01.289323+00:00'
[2026-02-07T12:52:24.443+0000] {taskinstance.py:2698} ERROR - Task failed with exception
Traceback (most recent call last):
  File "/home/airflow/.local/lib/python3.8/site-packages/airflow/models/taskinstance.py", line 433, in _execute_task
    result = execute_callable(context=context, **execute_callable_kwargs)
  File "/home/airflow/.local/lib/python3.8/site-packages/airflow/operators/python.py", line 199, in execute
    return_value = self.execute_callable()
  File "/home/airflow/.local/lib/python3.8/site-packages/airflow/operators/python.py", line 216, in execute_callable
    return self.python_callable(*self.op_args, **self.op_kwargs)
  File "/opt/airflow/dags/etl_dag.py", line 117, in generate_dynamic_tasks
    ext_table >> transform
  File "/home/airflow/.local/lib/python3.8/site-packages/airflow/models/taskmixin.py", line 104, in __rshift__
    self.set_downstream(other)
  File "/home/airflow/.local/lib/python3.8/site-packages/airflow/models/taskmixin.py", line 262, in set_downstream
    self._set_relatives(task_or_task_list, upstream=False, edge_modifier=edge_modifier)
  File "/home/airflow/.local/lib/python3.8/site-packages/airflow/models/taskmixin.py", line 232, in _set_relatives
    raise AirflowException(
airflow.exceptions.AirflowException: Tried to create relationships between tasks that don't have DAGs yet. Set the DAG for at least one task and try again: [<Task(BigQueryInsertJobOperator): process_distribution_centers.create_ext_distribution_centers>, <Task(BigQueryInsertJobOperator): process_distribution_centers.transform_distribution_centers>]
[2026-02-07T12:52:24.445+0000] {taskinstance.py:1138} INFO - Marking task as UP_FOR_RETRY. dag_id=ecommerce_etl, task_id=dynamic_task_creator, execution_date=20260207T124901, start_date=20260207T125224, end_date=20260207T125224
[2026-02-07T12:52:24.450+0000] {standard_task_runner.py:107} ERROR - Failed to execute job 82 for task dynamic_task_creator (Tried to create relationships between tasks that don't have DAGs yet. Set the DAG for at least one task and try again: [<Task(BigQueryInsertJobOperator): process_distribution_centers.create_ext_distribution_centers>, <Task(BigQueryInsertJobOperator): process_distribution_centers.transform_distribution_centers>]; 955)
[2026-02-07T12:52:24.466+0000] {local_task_job_runner.py:234} INFO - Task exited with return code 1
[2026-02-07T12:52:24.474+0000] {taskinstance.py:3280} INFO - 0 downstream tasks scheduled from follow-on schedule check
